# JRE version: OpenJDK Runtime Environment (11.0.10) (build 11.0.10+0-b96-7249189)
# Java VM: OpenJDK 64-Bit Server VM (11.0.10+0-b96-7249189, mixed mode, tiered, compressed oops, g1 gc, windows-amd64)
Heap:
 garbage-first heap   total 765952K, used 317839K [0x0000000080000000, 0x0000000100000000)
  region size 1024K, 7 young (7168K), 7 survivors (7168K)
 Metaspace       used 121748K, capacity 125232K, committed 125312K, reserved 1157120K
  class space    used 15555K, capacity 16811K, committed 16844K, reserved 1048576K
GC Heap History (20 events):
Event: 30.161 GC heap after
{Heap after GC invocations=32 (full 0):
 garbage-first heap   total 280576K, used 207313K [0x0000000080000000, 0x0000000100000000)
  region size 1024K, 2 young (2048K), 2 survivors (2048K)
 Metaspace       used 119168K, capacity 122398K, committed 123136K, reserved 1155072K
  class space    used 15290K, capacity 16484K, committed 16716K, reserved 1048576K
}
Event: 30.247 GC heap before
{Heap before GC invocations=32 (full 0):
 garbage-first heap   total 280576K, used 233937K [0x0000000080000000, 0x0000000100000000)
  region size 1024K, 29 young (29696K), 2 survivors (2048K)
 Metaspace       used 119763K, capacity 123136K, committed 123520K, reserved 1157120K
  class space    used 15384K, capacity 16605K, committed 16844K, reserved 1048576K
}
Event: 30.254 GC heap after
{Heap after GC invocations=33 (full 0):
 garbage-first heap   total 280576K, used 216040K [0x0000000080000000, 0x0000000100000000)
  region size 1024K, 4 young (4096K), 4 survivors (4096K)
 Metaspace       used 119763K, capacity 123136K, committed 123520K, reserved 1157120K
  class space    used 15384K, capacity 16605K, committed 16844K, reserved 1048576K
}
Event: 30.355 GC heap before
{Heap before GC invocations=33 (full 0):
 garbage-first heap   total 280576K, used 236520K [0x0000000080000000, 0x0000000100000000)
  region size 1024K, 25 young (25600K), 4 survivors (4096K)
 Metaspace       used 119955K, capacity 123344K, committed 123776K, reserved 1157120K
  class space    used 15403K, capacity 16627K, committed 16844K, reserved 1048576K
}
Event: 30.363 GC heap after
{Heap after GC invocations=34 (full 0):
 garbage-first heap   total 336896K, used 222307K [0x0000000080000000, 0x0000000100000000)
  region size 1024K, 4 young (4096K), 4 survivors (4096K)
 Metaspace       used 119955K, capacity 123344K, committed 123776K, reserved 1157120K
  class space    used 15403K, capacity 16627K, committed 16844K, reserved 1048576K
}
Event: 30.499 GC heap before
{Heap before GC invocations=35 (full 0):
 garbage-first heap   total 336896K, used 266339K [0x0000000080000000, 0x0000000100000000)
  region size 1024K, 48 young (49152K), 4 survivors (4096K)
 Metaspace       used 120008K, capacity 123294K, committed 123776K, reserved 1157120K
  class space    used 15379K, capacity 16581K, committed 16844K, reserved 1048576K
}
Event: 30.508 GC heap after
{Heap after GC invocations=36 (full 0):
 garbage-first heap   total 336896K, used 235971K [0x0000000080000000, 0x0000000100000000)
  region size 1024K, 6 young (6144K), 6 survivors (6144K)
 Metaspace       used 120008K, capacity 123294K, committed 123776K, reserved 1157120K
  class space    used 15379K, capacity 16581K, committed 16844K, reserved 1048576K
}
Event: 30.570 GC heap before
{Heap before GC invocations=36 (full 0):
 garbage-first heap   total 336896K, used 270787K [0x0000000080000000, 0x0000000100000000)
  region size 1024K, 41 young (41984K), 6 survivors (6144K)
 Metaspace       used 120024K, capacity 123300K, committed 123776K, reserved 1157120K
  class space    used 15380K, capacity 16582K, committed 16844K, reserved 1048576K
}
Event: 30.580 GC heap after
{Heap after GC invocations=37 (full 0):
 garbage-first heap   total 336896K, used 248544K [0x0000000080000000, 0x0000000100000000)
  region size 1024K, 6 young (6144K), 6 survivors (6144K)
 Metaspace       used 120024K, capacity 123300K, committed 123776K, reserved 1157120K
  class space    used 15380K, capacity 16582K, committed 16844K, reserved 1048576K
}
Event: 30.641 GC heap before
{Heap before GC invocations=37 (full 0):
 garbage-first heap   total 336896K, used 277216K [0x0000000080000000, 0x0000000100000000)
  region size 1024K, 35 young (35840K), 6 survivors (6144K)
 Metaspace       used 120071K, capacity 123369K, committed 123776K, reserved 1157120K
  class space    used 15380K, capacity 16582K, committed 16844K, reserved 1048576K
}
Event: 30.648 GC heap after
{Heap after GC invocations=38 (full 0):
 garbage-first heap   total 336896K, used 257627K [0x0000000080000000, 0x0000000100000000)
  region size 1024K, 5 young (5120K), 5 survivors (5120K)
 Metaspace       used 120071K, capacity 123369K, committed 123776K, reserved 1157120K
  class space    used 15380K, capacity 16582K, committed 16844K, reserved 1048576K
}
Event: 30.726 GC heap before
{Heap before GC invocations=38 (full 0):
 garbage-first heap   total 336896K, used 281179K [0x0000000080000000, 0x0000000100000000)
  region size 1024K, 29 young (29696K), 5 survivors (5120K)
 Metaspace       used 120201K, capacity 123467K, committed 124032K, reserved 1157120K
  class space    used 15389K, capacity 16593K, committed 16844K, reserved 1048576K
}
Event: 30.737 GC heap after
{Heap after GC invocations=39 (full 0):
 garbage-first heap   total 513024K, used 267152K [0x0000000080000000, 0x0000000100000000)
  region size 1024K, 4 young (4096K), 4 survivors (4096K)
 Metaspace       used 120201K, capacity 123467K, committed 124032K, reserved 1157120K
  class space    used 15389K, capacity 16593K, committed 16844K, reserved 1048576K
}
Event: 30.931 GC heap before
{Heap before GC invocations=39 (full 0):
 garbage-first heap   total 513024K, used 349072K [0x0000000080000000, 0x0000000100000000)
  region size 1024K, 84 young (86016K), 4 survivors (4096K)
 Metaspace       used 120793K, capacity 124109K, committed 124544K, reserved 1157120K
  class space    used 15446K, capacity 16644K, committed 16844K, reserved 1048576K
}
Event: 30.943 GC heap after
{Heap after GC invocations=40 (full 0):
 garbage-first heap   total 513024K, used 289135K [0x0000000080000000, 0x0000000100000000)
  region size 1024K, 11 young (11264K), 11 survivors (11264K)
 Metaspace       used 120793K, capacity 124109K, committed 124544K, reserved 1157120K
  class space    used 15446K, capacity 16644K, committed 16844K, reserved 1048576K
}
Event: 31.081 GC heap before
{Heap before GC invocations=40 (full 0):
 garbage-first heap   total 513024K, used 365935K [0x0000000080000000, 0x0000000100000000)
  region size 1024K, 87 young (89088K), 11 survivors (11264K)
 Metaspace       used 120961K, capacity 124271K, committed 124544K, reserved 1157120K
  class space    used 15457K, capacity 16685K, committed 16844K, reserved 1048576K
}
Event: 31.094 GC heap after
{Heap after GC invocations=41 (full 0):
 garbage-first heap   total 513024K, used 295049K [0x0000000080000000, 0x0000000100000000)
  region size 1024K, 6 young (6144K), 6 survivors (6144K)
 Metaspace       used 120961K, capacity 124271K, committed 124544K, reserved 1157120K
  class space    used 15457K, capacity 16685K, committed 16844K, reserved 1048576K
}
Event: 31.331 GC heap before
{Heap before GC invocations=41 (full 0):
 garbage-first heap   total 513024K, used 376969K [0x0000000080000000, 0x0000000100000000)
  region size 1024K, 86 young (88064K), 6 survivors (6144K)
 Metaspace       used 121485K, capacity 124933K, committed 125056K, reserved 1157120K
  class space    used 15530K, capacity 16788K, committed 16844K, reserved 1048576K
}
Event: 31.343 GC heap after
{Heap after GC invocations=42 (full 0):
 garbage-first heap   total 513024K, used 309188K [0x0000000080000000, 0x0000000100000000)
  region size 1024K, 11 young (11264K), 11 survivors (11264K)
 Metaspace       used 121485K, capacity 124933K, committed 125056K, reserved 1157120K
  class space    used 15530K, capacity 16788K, committed 16844K, reserved 1048576K
}
Event: 31.685 GC heap before
{Heap before GC invocations=42 (full 0):
 garbage-first heap   total 513024K, used 395204K [0x0000000080000000, 0x0000000100000000)
  region size 1024K, 90 young (92160K), 11 survivors (11264K)
 Metaspace       used 121748K, capacity 125232K, committed 125312K, reserved 1157120K
  class space    used 15555K, capacity 16811K, committed 16844K, reserved 1048576K
}

