# JRE version: OpenJDK Runtime Environment (11.0.10) (build 11.0.10+0-b96-7249189)
# Java VM: OpenJDK 64-Bit Server VM (11.0.10+0-b96-7249189, mixed mode, tiered, compressed oops, g1 gc, windows-amd64)
Heap:
 garbage-first heap   total 262144K, used 210636K [0x0000000080000000, 0x0000000100000000)
  region size 1024K, 24 young (24576K), 4 survivors (4096K)
 Metaspace       used 100428K, capacity 103079K, committed 103296K, reserved 1138688K
  class space    used 13167K, capacity 14186K, committed 14284K, reserved 1048576K
GC Heap History (20 events):
Event: 10.031 GC heap before
{Heap before GC invocations=16 (full 0):
 garbage-first heap   total 262144K, used 178792K [0x0000000080000000, 0x0000000100000000)
  region size 1024K, 111 young (113664K), 14 survivors (14336K)
 Metaspace       used 85027K, capacity 87292K, committed 87424K, reserved 1124352K
  class space    used 11038K, capacity 11901K, committed 11980K, reserved 1048576K
}
Event: 10.043 GC heap after
{Heap after GC invocations=17 (full 0):
 garbage-first heap   total 262144K, used 87994K [0x0000000080000000, 0x0000000100000000)
  region size 1024K, 9 young (9216K), 9 survivors (9216K)
 Metaspace       used 85027K, capacity 87292K, committed 87424K, reserved 1124352K
  class space    used 11038K, capacity 11901K, committed 11980K, reserved 1048576K
}
Event: 10.607 GC heap before
{Heap before GC invocations=17 (full 0):
 garbage-first heap   total 262144K, used 186298K [0x0000000080000000, 0x0000000100000000)
  region size 1024K, 106 young (108544K), 9 survivors (9216K)
 Metaspace       used 85745K, capacity 88108K, committed 88320K, reserved 1126400K
  class space    used 11122K, capacity 11982K, committed 12108K, reserved 1048576K
}
Event: 10.613 GC heap after
{Heap after GC invocations=18 (full 0):
 garbage-first heap   total 262144K, used 93364K [0x0000000080000000, 0x0000000100000000)
  region size 1024K, 8 young (8192K), 8 survivors (8192K)
 Metaspace       used 85745K, capacity 88108K, committed 88320K, reserved 1126400K
  class space    used 11122K, capacity 11982K, committed 12108K, reserved 1048576K
}
Event: 11.403 GC heap before
{Heap before GC invocations=18 (full 0):
 garbage-first heap   total 262144K, used 192692K [0x0000000080000000, 0x0000000100000000)
  region size 1024K, 106 young (108544K), 8 survivors (8192K)
 Metaspace       used 91064K, capacity 93462K, committed 93568K, reserved 1130496K
  class space    used 11791K, capacity 12673K, committed 12748K, reserved 1048576K
}
Event: 11.410 GC heap after
{Heap after GC invocations=19 (full 0):
 garbage-first heap   total 262144K, used 98235K [0x0000000080000000, 0x0000000100000000)
  region size 1024K, 13 young (13312K), 13 survivors (13312K)
 Metaspace       used 91064K, capacity 93462K, committed 93568K, reserved 1130496K
  class space    used 11791K, capacity 12673K, committed 12748K, reserved 1048576K
}
Event: 11.862 GC heap before
{Heap before GC invocations=19 (full 0):
 garbage-first heap   total 262144K, used 197563K [0x0000000080000000, 0x0000000100000000)
  region size 1024K, 111 young (113664K), 13 survivors (13312K)
 Metaspace       used 91307K, capacity 93614K, committed 93824K, reserved 1130496K
  class space    used 11811K, capacity 12678K, committed 12748K, reserved 1048576K
}
Event: 11.870 GC heap after
{Heap after GC invocations=20 (full 0):
 garbage-first heap   total 262144K, used 102812K [0x0000000080000000, 0x0000000100000000)
  region size 1024K, 12 young (12288K), 12 survivors (12288K)
 Metaspace       used 91307K, capacity 93614K, committed 93824K, reserved 1130496K
  class space    used 11811K, capacity 12678K, committed 12748K, reserved 1048576K
}
Event: 12.447 GC heap before
{Heap before GC invocations=20 (full 0):
 garbage-first heap   total 262144K, used 224668K [0x0000000080000000, 0x0000000100000000)
  region size 1024K, 110 young (112640K), 12 survivors (12288K)
 Metaspace       used 95725K, capacity 98228K, committed 98304K, reserved 1134592K
  class space    used 12392K, capacity 13312K, committed 13388K, reserved 1048576K
}
Event: 12.459 GC heap after
{Heap after GC invocations=21 (full 0):
 garbage-first heap   total 262144K, used 138991K [0x0000000080000000, 0x0000000100000000)
  region size 1024K, 14 young (14336K), 14 survivors (14336K)
 Metaspace       used 95725K, capacity 98228K, committed 98304K, reserved 1134592K
  class space    used 12392K, capacity 13312K, committed 13388K, reserved 1048576K
}
Event: 12.460 GC heap before
{Heap before GC invocations=21 (full 0):
 garbage-first heap   total 262144K, used 140015K [0x0000000080000000, 0x0000000100000000)
  region size 1024K, 17 young (17408K), 14 survivors (14336K)
 Metaspace       used 95729K, capacity 98228K, committed 98304K, reserved 1134592K
  class space    used 12393K, capacity 13312K, committed 13388K, reserved 1048576K
}
Event: 12.465 GC heap after
{Heap after GC invocations=22 (full 0):
 garbage-first heap   total 262144K, used 141760K [0x0000000080000000, 0x0000000100000000)
  region size 1024K, 2 young (2048K), 2 survivors (2048K)
 Metaspace       used 95729K, capacity 98228K, committed 98304K, reserved 1134592K
  class space    used 12393K, capacity 13312K, committed 13388K, reserved 1048576K
}
Event: 12.600 GC heap before
{Heap before GC invocations=23 (full 0):
 garbage-first heap   total 262144K, used 189888K [0x0000000080000000, 0x0000000100000000)
  region size 1024K, 42 young (43008K), 2 survivors (2048K)
 Metaspace       used 97209K, capacity 99599K, committed 100352K, reserved 1136640K
  class space    used 12734K, capacity 13615K, committed 13900K, reserved 1048576K
}
Event: 12.609 GC heap after
{Heap after GC invocations=24 (full 0):
 garbage-first heap   total 262144K, used 160412K [0x0000000080000000, 0x0000000100000000)
  region size 1024K, 6 young (6144K), 6 survivors (6144K)
 Metaspace       used 97209K, capacity 99599K, committed 100352K, reserved 1136640K
  class space    used 12734K, capacity 13615K, committed 13900K, reserved 1048576K
}
Event: 12.677 GC heap before
{Heap before GC invocations=24 (full 0):
 garbage-first heap   total 262144K, used 184988K [0x0000000080000000, 0x0000000100000000)
  region size 1024K, 32 young (32768K), 6 survivors (6144K)
 Metaspace       used 98724K, capacity 101222K, committed 101760K, reserved 1136640K
  class space    used 12950K, capacity 13853K, committed 14028K, reserved 1048576K
}
Event: 12.690 GC heap after
{Heap after GC invocations=25 (full 0):
 garbage-first heap   total 262144K, used 170912K [0x0000000080000000, 0x0000000100000000)
  region size 1024K, 5 young (5120K), 5 survivors (5120K)
 Metaspace       used 98724K, capacity 101222K, committed 101760K, reserved 1136640K
  class space    used 12950K, capacity 13853K, committed 14028K, reserved 1048576K
}
Event: 12.809 GC heap before
{Heap before GC invocations=25 (full 0):
 garbage-first heap   total 262144K, used 201632K [0x0000000080000000, 0x0000000100000000)
  region size 1024K, 34 young (34816K), 5 survivors (5120K)
 Metaspace       used 99681K, capacity 102172K, committed 102400K, reserved 1138688K
  class space    used 13073K, capacity 14014K, committed 14156K, reserved 1048576K
}
Event: 12.820 GC heap after
{Heap after GC invocations=26 (full 0):
 garbage-first heap   total 262144K, used 182591K [0x0000000080000000, 0x0000000100000000)
  region size 1024K, 5 young (5120K), 5 survivors (5120K)
 Metaspace       used 99681K, capacity 102172K, committed 102400K, reserved 1138688K
  class space    used 13073K, capacity 14014K, committed 14156K, reserved 1048576K
}
Event: 12.893 GC heap before
{Heap before GC invocations=27 (full 0):
 garbage-first heap   total 262144K, used 199999K [0x0000000080000000, 0x0000000100000000)
  region size 1024K, 24 young (24576K), 5 survivors (5120K)
 Metaspace       used 100295K, capacity 102902K, committed 102912K, reserved 1138688K
  class space    used 13161K, capacity 14151K, committed 14156K, reserved 1048576K
}
Event: 12.905 GC heap after
{Heap after GC invocations=28 (full 0):
 garbage-first heap   total 262144K, used 191180K [0x0000000080000000, 0x0000000100000000)
  region size 1024K, 4 young (4096K), 4 survivors (4096K)
 Metaspace       used 100295K, capacity 102902K, committed 102912K, reserved 1138688K
  class space    used 13161K, capacity 14151K, committed 14156K, reserved 1048576K
}

