# JRE version: OpenJDK Runtime Environment (11.0.10) (build 11.0.10+0-b96-7249189)
# Java VM: OpenJDK 64-Bit Server VM (11.0.10+0-b96-7249189, mixed mode, tiered, compressed oops, g1 gc, windows-amd64)
Heap:
 garbage-first heap   total 721920K, used 277756K [0x0000000080000000, 0x0000000100000000)
  region size 1024K, 5 young (5120K), 5 survivors (5120K)
 Metaspace       used 134351K, capacity 137868K, committed 138752K, reserved 1169408K
  class space    used 16582K, capacity 17913K, committed 18252K, reserved 1048576K
GC Heap History (20 events):
Event: 12216.410 GC heap after
{Heap after GC invocations=86 (full 2):
 garbage-first heap   total 292864K, used 230063K [0x0000000080000000, 0x0000000100000000)
  region size 1024K, 4 young (4096K), 4 survivors (4096K)
 Metaspace       used 134250K, capacity 137782K, committed 138752K, reserved 1169408K
  class space    used 16582K, capacity 17913K, committed 18252K, reserved 1048576K
}
Event: 12216.423 GC heap before
{Heap before GC invocations=86 (full 2):
 garbage-first heap   total 292864K, used 240303K [0x0000000080000000, 0x0000000100000000)
  region size 1024K, 14 young (14336K), 4 survivors (4096K)
 Metaspace       used 134255K, capacity 137782K, committed 138752K, reserved 1169408K
  class space    used 16582K, capacity 17913K, committed 18252K, reserved 1048576K
}
Event: 12216.428 GC heap after
{Heap after GC invocations=87 (full 2):
 garbage-first heap   total 292864K, used 234632K [0x0000000080000000, 0x0000000100000000)
  region size 1024K, 2 young (2048K), 2 survivors (2048K)
 Metaspace       used 134255K, capacity 137782K, committed 138752K, reserved 1169408K
  class space    used 16582K, capacity 17913K, committed 18252K, reserved 1048576K
}
Event: 12216.431 GC heap before
{Heap before GC invocations=87 (full 2):
 garbage-first heap   total 292864K, used 234632K [0x0000000080000000, 0x0000000100000000)
  region size 1024K, 3 young (3072K), 2 survivors (2048K)
 Metaspace       used 134255K, capacity 137782K, committed 138752K, reserved 1169408K
  class space    used 16582K, capacity 17913K, committed 18252K, reserved 1048576K
}
Event: 12216.434 GC heap after
{Heap after GC invocations=88 (full 2):
 garbage-first heap   total 292864K, used 235411K [0x0000000080000000, 0x0000000100000000)
  region size 1024K, 1 young (1024K), 1 survivors (1024K)
 Metaspace       used 134255K, capacity 137782K, committed 138752K, reserved 1169408K
  class space    used 16582K, capacity 17913K, committed 18252K, reserved 1048576K
}
Event: 12216.464 GC heap before
{Heap before GC invocations=88 (full 2):
 garbage-first heap   total 292864K, used 248723K [0x0000000080000000, 0x0000000100000000)
  region size 1024K, 14 young (14336K), 1 survivors (1024K)
 Metaspace       used 134256K, capacity 137782K, committed 138752K, reserved 1169408K
  class space    used 16582K, capacity 17913K, committed 18252K, reserved 1048576K
}
Event: 12216.467 GC heap after
{Heap after GC invocations=89 (full 2):
 garbage-first heap   total 292864K, used 242168K [0x0000000080000000, 0x0000000100000000)
  region size 1024K, 2 young (2048K), 2 survivors (2048K)
 Metaspace       used 134256K, capacity 137782K, committed 138752K, reserved 1169408K
  class space    used 16582K, capacity 17913K, committed 18252K, reserved 1048576K
}
Event: 12216.532 GC heap before
{Heap before GC invocations=89 (full 2):
 garbage-first heap   total 292864K, used 254456K [0x0000000080000000, 0x0000000100000000)
  region size 1024K, 15 young (15360K), 2 survivors (2048K)
 Metaspace       used 134262K, capacity 137783K, committed 138752K, reserved 1169408K
  class space    used 16582K, capacity 17913K, committed 18252K, reserved 1048576K
}
Event: 12216.536 GC heap after
{Heap after GC invocations=90 (full 2):
 garbage-first heap   total 292864K, used 245043K [0x0000000080000000, 0x0000000100000000)
  region size 1024K, 2 young (2048K), 2 survivors (2048K)
 Metaspace       used 134262K, capacity 137783K, committed 138752K, reserved 1169408K
  class space    used 16582K, capacity 17913K, committed 18252K, reserved 1048576K
}
Event: 12216.589 GC heap before
{Heap before GC invocations=90 (full 2):
 garbage-first heap   total 292864K, used 256307K [0x0000000080000000, 0x0000000100000000)
  region size 1024K, 14 young (14336K), 2 survivors (2048K)
 Metaspace       used 134262K, capacity 137783K, committed 138752K, reserved 1169408K
  class space    used 16582K, capacity 17913K, committed 18252K, reserved 1048576K
}
Event: 12216.593 GC heap after
{Heap after GC invocations=91 (full 2):
 garbage-first heap   total 292864K, used 250310K [0x0000000080000000, 0x0000000100000000)
  region size 1024K, 2 young (2048K), 2 survivors (2048K)
 Metaspace       used 134262K, capacity 137783K, committed 138752K, reserved 1169408K
  class space    used 16582K, capacity 17913K, committed 18252K, reserved 1048576K
}
Event: 12216.649 GC heap before
{Heap before GC invocations=91 (full 2):
 garbage-first heap   total 292864K, used 261574K [0x0000000080000000, 0x0000000100000000)
  region size 1024K, 14 young (14336K), 2 survivors (2048K)
 Metaspace       used 134263K, capacity 137783K, committed 138752K, reserved 1169408K
  class space    used 16582K, capacity 17913K, committed 18252K, reserved 1048576K
}
Event: 12216.654 GC heap after
{Heap after GC invocations=92 (full 2):
 garbage-first heap   total 377856K, used 254406K [0x0000000080000000, 0x0000000100000000)
  region size 1024K, 2 young (2048K), 2 survivors (2048K)
 Metaspace       used 134263K, capacity 137783K, committed 138752K, reserved 1169408K
  class space    used 16582K, capacity 17913K, committed 18252K, reserved 1048576K
}
Event: 12216.721 GC heap before
{Heap before GC invocations=93 (full 2):
 garbage-first heap   total 377856K, used 286150K [0x0000000080000000, 0x0000000100000000)
  region size 1024K, 34 young (34816K), 2 survivors (2048K)
 Metaspace       used 134290K, capacity 137796K, committed 138752K, reserved 1169408K
  class space    used 16582K, capacity 17913K, committed 18252K, reserved 1048576K
}
Event: 12216.728 GC heap after
{Heap after GC invocations=94 (full 2):
 garbage-first heap   total 377856K, used 266694K [0x0000000080000000, 0x0000000100000000)
  region size 1024K, 5 young (5120K), 5 survivors (5120K)
 Metaspace       used 134290K, capacity 137796K, committed 138752K, reserved 1169408K
  class space    used 16582K, capacity 17913K, committed 18252K, reserved 1048576K
}
Event: 12216.768 GC heap before
{Heap before GC invocations=94 (full 2):
 garbage-first heap   total 377856K, used 278982K [0x0000000080000000, 0x0000000100000000)
  region size 1024K, 18 young (18432K), 5 survivors (5120K)
 Metaspace       used 134296K, capacity 137796K, committed 138752K, reserved 1169408K
  class space    used 16582K, capacity 17913K, committed 18252K, reserved 1048576K
}
Event: 12216.776 GC heap after
{Heap after GC invocations=95 (full 2):
 garbage-first heap   total 377856K, used 264759K [0x0000000080000000, 0x0000000100000000)
  region size 1024K, 3 young (3072K), 3 survivors (3072K)
 Metaspace       used 134296K, capacity 137796K, committed 138752K, reserved 1169408K
  class space    used 16582K, capacity 17913K, committed 18252K, reserved 1048576K
}
Event: 12216.864 GC heap before
{Heap before GC invocations=95 (full 2):
 garbage-first heap   total 377856K, used 295479K [0x0000000080000000, 0x0000000100000000)
  region size 1024K, 34 young (34816K), 3 survivors (3072K)
 Metaspace       used 134318K, capacity 137799K, committed 138752K, reserved 1169408K
  class space    used 16582K, capacity 17913K, committed 18252K, reserved 1048576K
}
Event: 12216.872 GC heap after
{Heap after GC invocations=96 (full 2):
 garbage-first heap   total 377856K, used 269420K [0x0000000080000000, 0x0000000100000000)
  region size 1024K, 5 young (5120K), 5 survivors (5120K)
 Metaspace       used 134318K, capacity 137799K, committed 138752K, reserved 1169408K
  class space    used 16582K, capacity 17913K, committed 18252K, reserved 1048576K
}
Event: 12216.970 GC heap before
{Heap before GC invocations=96 (full 2):
 garbage-first heap   total 377856K, used 300140K [0x0000000080000000, 0x0000000100000000)
  region size 1024K, 36 young (36864K), 5 survivors (5120K)
 Metaspace       used 134351K, capacity 137868K, committed 138752K, reserved 1169408K
  class space    used 16582K, capacity 17913K, committed 18252K, reserved 1048576K
}

